d:\cpp\softrasterizer\coolengine\x64\debug\private.obj
d:\cpp\softrasterizer\coolengine\x64\debug\scene.obj
d:\cpp\softrasterizer\coolengine\x64\debug\geometry.obj
d:\cpp\softrasterizer\coolengine\x64\debug\rendermath.obj
d:\cpp\softrasterizer\coolengine\x64\debug\maths.obj
d:\cpp\softrasterizer\coolengine\x64\debug\pipline.obj
d:\cpp\softrasterizer\coolengine\x64\debug\model.obj
d:\cpp\softrasterizer\coolengine\x64\debug\tgaimage.obj
d:\cpp\softrasterizer\coolengine\x64\debug\lights.obj
d:\cpp\softrasterizer\coolengine\x64\debug\shader.obj
d:\cpp\softrasterizer\coolengine\x64\debug\coolrenermain.obj
d:\cpp\softrasterizer\coolengine\x64\debug\camera.obj
d:\cpp\softrasterizer\coolengine\x64\debug\shadingcalculate.obj
d:\cpp\softrasterizer\coolengine\x64\debug\cmaterail.obj
d:\cpp\softrasterizer\coolengine\x64\debug\skeleton.obj
d:\cpp\softrasterizer\coolengine\x64\debug\vc142.pdb
d:\cpp\softrasterizer\coolengine\x64\debug\softrastermain.obj
d:\cpp\softrasterizer\coolengine\x64\debug\softraster.exe
d:\cpp\softrasterizer\coolengine\x64\debug\softraster.ilk
d:\cpp\softrasterizer\coolengine\x64\debug\softraster.pdb
d:\cpp\softrasterizer\coolengine\x64\debug\raytracer.obj
d:\cpp\softrasterizer\coolengine\x64\debug\surface.obj
d:\cpp\softrasterizer\coolengine\x64\debug\cmaterail.obj.enc
d:\cpp\softrasterizer\coolengine\x64\debug\coolrenermain.obj.enc
d:\cpp\softrasterizer\coolengine\x64\debug\pipline.obj.enc
d:\cpp\softrasterizer\coolengine\x64\debug\scene.obj.enc
d:\cpp\softrasterizer\coolengine\x64\debug\shader.obj.enc
d:\cpp\softrasterizer\coolengine\x64\debug\shadingcalculate.obj.enc
d:\cpp\softrasterizer\coolengine\x64\debug\softrastermain.obj.enc
d:\cpp\softrasterizer\coolengine\x64\debug\coolrender.ilk
d:\cpp\softrasterizer\coolengine\x64\debug\vc142.idb
d:\cpp\softrasterizer\coolengine\x64\debug\coolrender.pdb
d:\cpp\softrasterizer\coolengine\x64\debug\softwareraster.pdb
d:\cpp\softrasterizer\coolengine\x64\debug\softraster.tlog\cl.command.1.tlog
d:\cpp\softrasterizer\coolengine\x64\debug\softraster.tlog\cl.read.1.tlog
d:\cpp\softrasterizer\coolengine\x64\debug\softraster.tlog\cl.write.1.tlog
d:\cpp\softrasterizer\coolengine\x64\debug\softraster.tlog\link.command.1.tlog
d:\cpp\softrasterizer\coolengine\x64\debug\softraster.tlog\link.read.1.tlog
d:\cpp\softrasterizer\coolengine\x64\debug\softraster.tlog\link.write.1.tlog
